Determining if the pthread_create exist failed with the following output:
Change Dir: /home/nvidia/Downloads/aruco304/build/CMakeFiles/CMakeTmp

Run Build Command:"/usr/bin/make" "cmTC_eb4a2/fast"
/usr/bin/make -f CMakeFiles/cmTC_eb4a2.dir/build.make CMakeFiles/cmTC_eb4a2.dir/build
make[1]: Entering directory '/home/nvidia/Downloads/aruco304/build/CMakeFiles/CMakeTmp'
Building CXX object CMakeFiles/cmTC_eb4a2.dir/CheckSymbolExists.cxx.o
/usr/bin/c++      -o CMakeFiles/cmTC_eb4a2.dir/CheckSymbolExists.cxx.o -c /home/nvidia/Downloads/aruco304/build/CMakeFiles/CMakeTmp/CheckSymbolExists.cxx
Linking CXX executable cmTC_eb4a2
/usr/bin/cmake -E cmake_link_script CMakeFiles/cmTC_eb4a2.dir/link.txt --verbose=1
/usr/bin/c++        CMakeFiles/cmTC_eb4a2.dir/CheckSymbolExists.cxx.o  -o cmTC_eb4a2 -rdynamic 
CMakeFiles/cmTC_eb4a2.dir/CheckSymbolExists.cxx.o: In function `main':
CheckSymbolExists.cxx:(.text+0x14): undefined reference to `pthread_create'
CheckSymbolExists.cxx:(.text+0x18): undefined reference to `pthread_create'
collect2: error: ld returned 1 exit status
CMakeFiles/cmTC_eb4a2.dir/build.make:97: recipe for target 'cmTC_eb4a2' failed
make[1]: *** [cmTC_eb4a2] Error 1
make[1]: Leaving directory '/home/nvidia/Downloads/aruco304/build/CMakeFiles/CMakeTmp'
Makefile:126: recipe for target 'cmTC_eb4a2/fast' failed
make: *** [cmTC_eb4a2/fast] Error 2

File /home/nvidia/Downloads/aruco304/build/CMakeFiles/CMakeTmp/CheckSymbolExists.cxx:
/* */
#include <pthread.h>

int main(int argc, char** argv)
{
  (void)argv;
#ifndef pthread_create
  return ((int*)(&pthread_create))[argc];
#else
  (void)argc;
  return 0;
#endif
}

Determining if the function pthread_create exists in the pthreads failed with the following output:
Change Dir: /home/nvidia/Downloads/aruco304/build/CMakeFiles/CMakeTmp

Run Build Command:"/usr/bin/make" "cmTC_a63dc/fast"
/usr/bin/make -f CMakeFiles/cmTC_a63dc.dir/build.make CMakeFiles/cmTC_a63dc.dir/build
make[1]: Entering directory '/home/nvidia/Downloads/aruco304/build/CMakeFiles/CMakeTmp'
Building CXX object CMakeFiles/cmTC_a63dc.dir/CheckFunctionExists.cxx.o
/usr/bin/c++     -DCHECK_FUNCTION_EXISTS=pthread_create   -o CMakeFiles/cmTC_a63dc.dir/CheckFunctionExists.cxx.o -c /home/nvidia/Downloads/aruco304/build/CMakeFiles/CheckLibraryExists/CheckFunctionExists.cxx
Linking CXX executable cmTC_a63dc
/usr/bin/cmake -E cmake_link_script CMakeFiles/cmTC_a63dc.dir/link.txt --verbose=1
/usr/bin/c++    -DCHECK_FUNCTION_EXISTS=pthread_create    CMakeFiles/cmTC_a63dc.dir/CheckFunctionExists.cxx.o  -o cmTC_a63dc -rdynamic -lpthreads 
/usr/bin/ld: cannot find -lpthreads
collect2: error: ld returned 1 exit status
CMakeFiles/cmTC_a63dc.dir/build.make:97: recipe for target 'cmTC_a63dc' failed
make[1]: *** [cmTC_a63dc] Error 1
make[1]: Leaving directory '/home/nvidia/Downloads/aruco304/build/CMakeFiles/CMakeTmp'
Makefile:126: recipe for target 'cmTC_a63dc/fast' failed
make: *** [cmTC_a63dc/fast] Error 2


